<?xml version="1.0" encoding="UTF-8"?>
<testng-results ignored="0" total="1" passed="1" failed="0" skipped="0">
  <reporter-output>
  </reporter-output>
  <suite started-at="2020-10-27T10:55:17 IST" name="Default suite" finished-at="2020-10-27T10:55:46 IST" duration-ms="28957">
    <groups>
    </groups>
    <test started-at="2020-10-27T10:55:17 IST" name="Default test" finished-at="2020-10-27T10:55:46 IST" duration-ms="28957">
      <class name="day2.NewTest">
        <test-method is-config="true" signature="beforeClass()[pri:0, instance:day2.NewTest@2aa3cd93]" started-at="2020-10-27T10:55:17 IST" name="beforeClass" finished-at="2020-10-27T10:55:39 IST" duration-ms="21792" status="PASS">
          <reporter-output>
          </reporter-output>
        </test-method> <!-- beforeClass -->
        <test-method signature="f()[pri:0, instance:day2.NewTest@2aa3cd93]" started-at="2020-10-27T10:55:39 IST" name="f" finished-at="2020-10-27T10:55:45 IST" duration-ms="6335" status="PASS">
          <reporter-output>
          </reporter-output>
        </test-method> <!-- f -->
        <test-method is-config="true" signature="afterClass()[pri:0, instance:day2.NewTest@2aa3cd93]" started-at="2020-10-27T10:55:45 IST" name="afterClass" finished-at="2020-10-27T10:55:46 IST" duration-ms="767" status="PASS">
          <reporter-output>
          </reporter-output>
        </test-method> <!-- afterClass -->
      </class> <!-- day2.NewTest -->
    </test> <!-- Default test -->
  </suite> <!-- Default suite -->
</testng-results>
